<?xml version="1.0" encoding="UTF-8"?>
<!-- Generated by org.testng.reporters.JUnitReportReporter -->
<testsuite hostname="LTIN278618" failures="0" tests="2" name="myPackage.GettingNewsArticle" time="72.496" errors="0" timestamp="2023-08-31T20:07:52 IST" skipped="0">
  <testcase classname="myPackage.GettingNewsArticle" name="getHeadings" time="1.014"/>
  <testcase classname="myPackage.GettingNewsArticle" name="getNewsArticle" time="71.482"/>
</testsuite> <!-- myPackage.GettingNewsArticle -->
