<?xml version="1.0" encoding="UTF-8"?>
<!-- Generated by org.testng.reporters.JUnitReportReporter -->
<testsuite hostname="LTIN278618" failures="0" tests="1" name="baseClasses.BaseClass" time="10.318" errors="0" timestamp="2023-09-05T10:36:26 IST" skipped="0">
  <testcase classname="baseClasses.BaseClass" name="openBeCognizant" time="10.318"/>
</testsuite> <!-- baseClasses.BaseClass -->
