<?xml version="1.0" encoding="UTF-8"?>
<!-- Generated by org.testng.reporters.JUnitReportReporter -->
<testsuite hostname="LTIN278618" failures="0" tests="1" name="myPackage.BeCognizantPortal" time="3.388" errors="0" timestamp="2023-08-31T20:07:52 IST" skipped="0">
  <testcase classname="myPackage.BeCognizantPortal" name="getUserDetails" time="3.388"/>
</testsuite> <!-- myPackage.BeCognizantPortal -->
