<?xml version="1.0" encoding="UTF-8"?>
<!-- Generated by org.testng.reporters.JUnitReportReporter -->
<testsuite hostname="LTIN278618" failures="0" tests="2" name="pageClasses.GettingNewsArticle" time="72.050" errors="0" timestamp="2023-09-05T10:36:26 IST" skipped="0">
  <testcase classname="pageClasses.GettingNewsArticle" name="getHeadings" time="0.380"/>
  <testcase classname="pageClasses.GettingNewsArticle" name="getNewsArticle" time="71.670"/>
</testsuite> <!-- pageClasses.GettingNewsArticle -->
