<?xml version="1.0" encoding="UTF-8"?>
<!-- Generated by org.testng.reporters.JUnitReportReporter -->
<testsuite hostname="LTIN278618" failures="0" tests="3" name="myPackage.BrowserHandling" time="53.512" errors="0" timestamp="2023-08-31T20:07:52 IST" skipped="0">
  <testcase classname="myPackage.BrowserHandling" name="openBeCognizant" time="5.228"/>
  <testcase classname="myPackage.BrowserHandling" name="inputEmail" time="8.024"/>
  <testcase classname="myPackage.BrowserHandling" name="inputPassword" time="40.260"/>
</testsuite> <!-- myPackage.BrowserHandling -->
