<?xml version="1.0" encoding="UTF-8"?>
<!-- Generated by org.testng.reporters.JUnitReportReporter -->
<testsuite hostname="LTIN278618" failures="0" tests="2" name="pageClasses.LoginPage" time="38.426" errors="0" timestamp="2023-09-05T10:36:26 IST" skipped="0">
  <testcase classname="pageClasses.LoginPage" name="inputPassword" time="32.016"/>
  <testcase classname="pageClasses.LoginPage" name="inputEmail" time="6.410"/>
</testsuite> <!-- pageClasses.LoginPage -->
